2023-10-18 10:36:14,935 - Имя: .git, Флаг каталога: Каталог, Родительский каталог: ..
2023-10-18 10:36:14,935 - Имя: .pytest_cache, Флаг каталога: Каталог, Родительский каталог: ..
2023-10-18 10:36:14,935 - Имя: .vscode, Флаг каталога: Каталог, Родительский каталог: ..
2023-10-18 10:36:14,935 - Имя: Bankomat, Флаг каталога: Каталог, Родительский каталог: ..
2023-10-18 10:36:14,935 - Имя: Eighth_sem, Флаг каталога: Каталог, Родительский каталог: ..
2023-10-18 10:36:14,935 - Имя: Eleventh_sem, Флаг каталога: Каталог, Родительский каталог: ..
2023-10-18 10:36:14,935 - Имя: Fifth_sem, Флаг каталога: Каталог, Родительский каталог: ..
2023-10-18 10:36:14,935 - Имя: FinalWork, Флаг каталога: Каталог, Родительский каталог: ..
2023-10-18 10:36:14,935 - Имя: First_Sem, Флаг каталога: Каталог, Родительский каталог: ..
2023-10-18 10:36:14,935 - Имя: Forteenth_sem, Флаг каталога: Каталог, Родительский каталог: ..
2023-10-18 10:36:14,935 - Имя: Fourth_sem, Флаг каталога: Каталог, Родительский каталог: ..
2023-10-18 10:36:14,935 - Имя: Nineth_sem, Флаг каталога: Каталог, Родительский каталог: ..
2023-10-18 10:36:14,935 - Имя: Second_sem, Флаг каталога: Каталог, Родительский каталог: ..
2023-10-18 10:36:14,935 - Имя: Seventh_sem, Флаг каталога: Каталог, Родительский каталог: ..
2023-10-18 10:36:14,935 - Имя: Sixth_sem, Флаг каталога: Каталог, Родительский каталог: ..
2023-10-18 10:36:14,935 - Имя: Tenth_sem, Флаг каталога: Каталог, Родительский каталог: ..
2023-10-18 10:36:14,935 - Имя: Third_sem, Флаг каталога: Каталог, Родительский каталог: ..
2023-10-18 10:36:14,935 - Имя: file_01, Расширение: .csv, Флаг каталога: Файл, Родительский каталог: ..
2023-10-18 10:36:14,935 - Имя: file_02, Расширение: .json, Флаг каталога: Файл, Родительский каталог: ..
2023-10-18 10:36:14,935 - Имя: file_info, Расширение: .log, Флаг каталога: Файл, Родительский каталог: ..
2023-10-18 10:36:14,935 - Имя: some_func, Расширение: .json, Флаг каталога: Файл, Родительский каталог: ..
2023-10-18 10:36:14,935 - Имя: wrapper, Расширение: .json, Флаг каталога: Файл, Родительский каталог: ..
2023-10-18 10:36:14,935 - Имя: hooks, Флаг каталога: Каталог, Родительский каталог: .git
2023-10-18 10:36:14,935 - Имя: info, Флаг каталога: Каталог, Родительский каталог: .git
2023-10-18 10:36:14,935 - Имя: logs, Флаг каталога: Каталог, Родительский каталог: .git
2023-10-18 10:36:14,935 - Имя: objects, Флаг каталога: Каталог, Родительский каталог: .git
2023-10-18 10:36:14,935 - Имя: refs, Флаг каталога: Каталог, Родительский каталог: .git
2023-10-18 10:36:14,935 - Имя: applypatch-msg, Расширение: .sample, Флаг каталога: Файл, Родительский каталог: hooks
2023-10-18 10:36:14,935 - Имя: commit-msg, Расширение: .sample, Флаг каталога: Файл, Родительский каталог: hooks
2023-10-18 10:36:14,935 - Имя: fsmonitor-watchman, Расширение: .sample, Флаг каталога: Файл, Родительский каталог: hooks
2023-10-18 10:36:14,935 - Имя: post-update, Расширение: .sample, Флаг каталога: Файл, Родительский каталог: hooks
2023-10-18 10:36:14,935 - Имя: pre-applypatch, Расширение: .sample, Флаг каталога: Файл, Родительский каталог: hooks
2023-10-18 10:36:14,935 - Имя: pre-commit, Расширение: .sample, Флаг каталога: Файл, Родительский каталог: hooks
2023-10-18 10:36:14,935 - Имя: pre-merge-commit, Расширение: .sample, Флаг каталога: Файл, Родительский каталог: hooks
2023-10-18 10:36:14,935 - Имя: pre-push, Расширение: .sample, Флаг каталога: Файл, Родительский каталог: hooks
2023-10-18 10:36:14,935 - Имя: pre-rebase, Расширение: .sample, Флаг каталога: Файл, Родительский каталог: hooks
2023-10-18 10:36:14,935 - Имя: pre-receive, Расширение: .sample, Флаг каталога: Файл, Родительский каталог: hooks
2023-10-18 10:36:14,935 - Имя: prepare-commit-msg, Расширение: .sample, Флаг каталога: Файл, Родительский каталог: hooks
2023-10-18 10:36:14,935 - Имя: push-to-checkout, Расширение: .sample, Флаг каталога: Файл, Родительский каталог: hooks
2023-10-18 10:36:14,935 - Имя: sendemail-validate, Расширение: .sample, Флаг каталога: Файл, Родительский каталог: hooks
2023-10-18 10:36:14,935 - Имя: update, Расширение: .sample, Флаг каталога: Файл, Родительский каталог: hooks
2023-10-18 10:36:14,935 - Имя: refs, Флаг каталога: Каталог, Родительский каталог: logs
2023-10-18 10:36:14,935 - Имя: heads, Флаг каталога: Каталог, Родительский каталог: refs
2023-10-18 10:36:14,935 - Имя: remotes, Флаг каталога: Каталог, Родительский каталог: refs
2023-10-18 10:36:14,935 - Имя: origin, Флаг каталога: Каталог, Родительский каталог: remotes
2023-10-18 10:36:14,935 - Имя: 00, Флаг каталога: Каталог, Родительский каталог: objects
2023-10-18 10:36:14,935 - Имя: 02, Флаг каталога: Каталог, Родительский каталог: objects
2023-10-18 10:36:14,935 - Имя: 03, Флаг каталога: Каталог, Родительский каталог: objects
2023-10-18 10:36:14,935 - Имя: 04, Флаг каталога: Каталог, Родительский каталог: objects
2023-10-18 10:36:14,935 - Имя: 06, Флаг каталога: Каталог, Родительский каталог: objects
2023-10-18 10:36:14,935 - Имя: 09, Флаг каталога: Каталог, Родительский каталог: objects
2023-10-18 10:36:14,935 - Имя: 0a, Флаг каталога: Каталог, Родительский каталог: objects
2023-10-18 10:36:14,935 - Имя: 0b, Флаг каталога: Каталог, Родительский каталог: objects
2023-10-18 10:36:14,935 - Имя: 0c, Флаг каталога: Каталог, Родительский каталог: objects
2023-10-18 10:36:14,935 - Имя: 0d, Флаг каталога: Каталог, Родительский каталог: objects
2023-10-18 10:36:14,935 - Имя: 0e, Флаг каталога: Каталог, Родительский каталог: objects
2023-10-18 10:36:14,935 - Имя: 0f, Флаг каталога: Каталог, Родительский каталог: objects
2023-10-18 10:36:14,935 - Имя: 10, Флаг каталога: Каталог, Родительский каталог: objects
2023-10-18 10:36:14,935 - Имя: 15, Флаг каталога: Каталог, Родительский каталог: objects
2023-10-18 10:36:14,935 - Имя: 18, Флаг каталога: Каталог, Родительский каталог: objects
2023-10-18 10:36:14,935 - Имя: 1a, Флаг каталога: Каталог, Родительский каталог: objects
2023-10-18 10:36:14,935 - Имя: 1b, Флаг каталога: Каталог, Родительский каталог: objects
2023-10-18 10:36:14,935 - Имя: 1d, Флаг каталога: Каталог, Родительский каталог: objects
2023-10-18 10:36:14,935 - Имя: 1e, Флаг каталога: Каталог, Родительский каталог: objects
2023-10-18 10:36:14,935 - Имя: 20, Флаг каталога: Каталог, Родительский каталог: objects
2023-10-18 10:36:14,935 - Имя: 22, Флаг каталога: Каталог, Родительский каталог: objects
2023-10-18 10:36:14,935 - Имя: 23, Флаг каталога: Каталог, Родительский каталог: objects
2023-10-18 10:36:14,935 - Имя: 26, Флаг каталога: Каталог, Родительский каталог: objects
2023-10-18 10:36:14,935 - Имя: 28, Флаг каталога: Каталог, Родительский каталог: objects
2023-10-18 10:36:14,935 - Имя: 2a, Флаг каталога: Каталог, Родительский каталог: objects
2023-10-18 10:36:14,935 - Имя: 2b, Флаг каталога: Каталог, Родительский каталог: objects
2023-10-18 10:36:14,935 - Имя: 30, Флаг каталога: Каталог, Родительский каталог: objects
2023-10-18 10:36:14,935 - Имя: 33, Флаг каталога: Каталог, Родительский каталог: objects
2023-10-18 10:36:14,950 - Имя: 35, Флаг каталога: Каталог, Родительский каталог: objects
2023-10-18 10:36:14,950 - Имя: 39, Флаг каталога: Каталог, Родительский каталог: objects
2023-10-18 10:36:14,950 - Имя: 3a, Флаг каталога: Каталог, Родительский каталог: objects
2023-10-18 10:36:14,950 - Имя: 3d, Флаг каталога: Каталог, Родительский каталог: objects
2023-10-18 10:36:14,950 - Имя: 3e, Флаг каталога: Каталог, Родительский каталог: objects
2023-10-18 10:36:14,951 - Имя: 3f, Флаг каталога: Каталог, Родительский каталог: objects
2023-10-18 10:36:14,951 - Имя: 40, Флаг каталога: Каталог, Родительский каталог: objects
2023-10-18 10:36:14,951 - Имя: 41, Флаг каталога: Каталог, Родительский каталог: objects
2023-10-18 10:36:14,951 - Имя: 42, Флаг каталога: Каталог, Родительский каталог: objects
2023-10-18 10:36:14,951 - Имя: 43, Флаг каталога: Каталог, Родительский каталог: objects
2023-10-18 10:36:14,951 - Имя: 45, Флаг каталога: Каталог, Родительский каталог: objects
2023-10-18 10:36:14,951 - Имя: 49, Флаг каталога: Каталог, Родительский каталог: objects
2023-10-18 10:36:14,951 - Имя: 4a, Флаг каталога: Каталог, Родительский каталог: objects
2023-10-18 10:36:14,951 - Имя: 4b, Флаг каталога: Каталог, Родительский каталог: objects
2023-10-18 10:36:14,952 - Имя: 4c, Флаг каталога: Каталог, Родительский каталог: objects
2023-10-18 10:36:14,952 - Имя: 4d, Флаг каталога: Каталог, Родительский каталог: objects
2023-10-18 10:36:14,952 - Имя: 4e, Флаг каталога: Каталог, Родительский каталог: objects
2023-10-18 10:36:14,952 - Имя: 52, Флаг каталога: Каталог, Родительский каталог: objects
2023-10-18 10:36:14,952 - Имя: 53, Флаг каталога: Каталог, Родительский каталог: objects
2023-10-18 10:36:14,952 - Имя: 55, Флаг каталога: Каталог, Родительский каталог: objects
2023-10-18 10:36:14,952 - Имя: 59, Флаг каталога: Каталог, Родительский каталог: objects
2023-10-18 10:36:14,952 - Имя: 5b, Флаг каталога: Каталог, Родительский каталог: objects
2023-10-18 10:36:14,953 - Имя: 5e, Флаг каталога: Каталог, Родительский каталог: objects
2023-10-18 10:36:14,953 - Имя: 5f, Флаг каталога: Каталог, Родительский каталог: objects
2023-10-18 10:36:14,953 - Имя: 60, Флаг каталога: Каталог, Родительский каталог: objects
2023-10-18 10:36:14,953 - Имя: 61, Флаг каталога: Каталог, Родительский каталог: objects
2023-10-18 10:36:14,953 - Имя: 63, Флаг каталога: Каталог, Родительский каталог: objects
2023-10-18 10:36:14,953 - Имя: 67, Флаг каталога: Каталог, Родительский каталог: objects
2023-10-18 10:36:14,953 - Имя: 6b, Флаг каталога: Каталог, Родительский каталог: objects
2023-10-18 10:36:14,954 - Имя: 6c, Флаг каталога: Каталог, Родительский каталог: objects
2023-10-18 10:36:14,954 - Имя: 6d, Флаг каталога: Каталог, Родительский каталог: objects
2023-10-18 10:36:14,954 - Имя: 6e, Флаг каталога: Каталог, Родительский каталог: objects
2023-10-18 10:36:14,954 - Имя: 6f, Флаг каталога: Каталог, Родительский каталог: objects
2023-10-18 10:36:14,955 - Имя: 71, Флаг каталога: Каталог, Родительский каталог: objects
2023-10-18 10:36:14,955 - Имя: 72, Флаг каталога: Каталог, Родительский каталог: objects
2023-10-18 10:36:14,955 - Имя: 73, Флаг каталога: Каталог, Родительский каталог: objects
2023-10-18 10:36:14,955 - Имя: 75, Флаг каталога: Каталог, Родительский каталог: objects
2023-10-18 10:36:14,955 - Имя: 76, Флаг каталога: Каталог, Родительский каталог: objects
2023-10-18 10:36:14,955 - Имя: 77, Флаг каталога: Каталог, Родительский каталог: objects
2023-10-18 10:36:14,955 - Имя: 78, Флаг каталога: Каталог, Родительский каталог: objects
2023-10-18 10:36:14,955 - Имя: 79, Флаг каталога: Каталог, Родительский каталог: objects
2023-10-18 10:36:14,956 - Имя: 7c, Флаг каталога: Каталог, Родительский каталог: objects
2023-10-18 10:36:14,956 - Имя: 7d, Флаг каталога: Каталог, Родительский каталог: objects
2023-10-18 10:36:14,956 - Имя: 7e, Флаг каталога: Каталог, Родительский каталог: objects
2023-10-18 10:36:14,956 - Имя: 7f, Флаг каталога: Каталог, Родительский каталог: objects
2023-10-18 10:36:14,956 - Имя: 80, Флаг каталога: Каталог, Родительский каталог: objects
2023-10-18 10:36:14,956 - Имя: 83, Флаг каталога: Каталог, Родительский каталог: objects
2023-10-18 10:36:14,956 - Имя: 87, Флаг каталога: Каталог, Родительский каталог: objects
2023-10-18 10:36:14,956 - Имя: 88, Флаг каталога: Каталог, Родительский каталог: objects
2023-10-18 10:36:14,957 - Имя: 8b, Флаг каталога: Каталог, Родительский каталог: objects
2023-10-18 10:36:14,957 - Имя: 8c, Флаг каталога: Каталог, Родительский каталог: objects
2023-10-18 10:36:14,957 - Имя: 8d, Флаг каталога: Каталог, Родительский каталог: objects
2023-10-18 10:36:14,957 - Имя: 8e, Флаг каталога: Каталог, Родительский каталог: objects
2023-10-18 10:36:14,957 - Имя: 90, Флаг каталога: Каталог, Родительский каталог: objects
2023-10-18 10:36:14,957 - Имя: 91, Флаг каталога: Каталог, Родительский каталог: objects
2023-10-18 10:36:14,957 - Имя: 93, Флаг каталога: Каталог, Родительский каталог: objects
2023-10-18 10:36:14,957 - Имя: 95, Флаг каталога: Каталог, Родительский каталог: objects
2023-10-18 10:36:14,957 - Имя: 97, Флаг каталога: Каталог, Родительский каталог: objects
2023-10-18 10:36:14,958 - Имя: 9a, Флаг каталога: Каталог, Родительский каталог: objects
2023-10-18 10:36:14,958 - Имя: 9d, Флаг каталога: Каталог, Родительский каталог: objects
2023-10-18 10:36:14,958 - Имя: 9e, Флаг каталога: Каталог, Родительский каталог: objects
2023-10-18 10:36:14,958 - Имя: a1, Флаг каталога: Каталог, Родительский каталог: objects
2023-10-18 10:36:14,958 - Имя: a2, Флаг каталога: Каталог, Родительский каталог: objects
2023-10-18 10:36:14,958 - Имя: a5, Флаг каталога: Каталог, Родительский каталог: objects
2023-10-18 10:36:14,958 - Имя: a7, Флаг каталога: Каталог, Родительский каталог: objects
2023-10-18 10:36:14,958 - Имя: a9, Флаг каталога: Каталог, Родительский каталог: objects
2023-10-18 10:36:14,959 - Имя: aa, Флаг каталога: Каталог, Родительский каталог: objects
2023-10-18 10:36:14,959 - Имя: ab, Флаг каталога: Каталог, Родительский каталог: objects
2023-10-18 10:36:14,959 - Имя: ac, Флаг каталога: Каталог, Родительский каталог: objects
2023-10-18 10:36:14,959 - Имя: ad, Флаг каталога: Каталог, Родительский каталог: objects
2023-10-18 10:36:14,959 - Имя: af, Флаг каталога: Каталог, Родительский каталог: objects
2023-10-18 10:36:14,959 - Имя: b1, Флаг каталога: Каталог, Родительский каталог: objects
2023-10-18 10:36:14,959 - Имя: b2, Флаг каталога: Каталог, Родительский каталог: objects
2023-10-18 10:36:14,959 - Имя: b3, Флаг каталога: Каталог, Родительский каталог: objects
2023-10-18 10:36:14,959 - Имя: b4, Флаг каталога: Каталог, Родительский каталог: objects
2023-10-18 10:36:14,960 - Имя: b8, Флаг каталога: Каталог, Родительский каталог: objects
2023-10-18 10:36:14,960 - Имя: b9, Флаг каталога: Каталог, Родительский каталог: objects
2023-10-18 10:36:14,960 - Имя: ba, Флаг каталога: Каталог, Родительский каталог: objects
2023-10-18 10:36:14,960 - Имя: bd, Флаг каталога: Каталог, Родительский каталог: objects
2023-10-18 10:36:14,960 - Имя: be, Флаг каталога: Каталог, Родительский каталог: objects
2023-10-18 10:36:14,960 - Имя: c0, Флаг каталога: Каталог, Родительский каталог: objects
2023-10-18 10:36:14,960 - Имя: c2, Флаг каталога: Каталог, Родительский каталог: objects
2023-10-18 10:36:14,960 - Имя: c3, Флаг каталога: Каталог, Родительский каталог: objects
2023-10-18 10:36:14,960 - Имя: c5, Флаг каталога: Каталог, Родительский каталог: objects
2023-10-18 10:36:14,961 - Имя: c6, Флаг каталога: Каталог, Родительский каталог: objects
2023-10-18 10:36:14,961 - Имя: c8, Флаг каталога: Каталог, Родительский каталог: objects
2023-10-18 10:36:14,961 - Имя: c9, Флаг каталога: Каталог, Родительский каталог: objects
2023-10-18 10:36:14,961 - Имя: cc, Флаг каталога: Каталог, Родительский каталог: objects
2023-10-18 10:36:14,961 - Имя: ce, Флаг каталога: Каталог, Родительский каталог: objects
2023-10-18 10:36:14,962 - Имя: d0, Флаг каталога: Каталог, Родительский каталог: objects
2023-10-18 10:36:14,964 - Имя: d1, Флаг каталога: Каталог, Родительский каталог: objects
2023-10-18 10:36:14,965 - Имя: d2, Флаг каталога: Каталог, Родительский каталог: objects
2023-10-18 10:36:14,966 - Имя: d5, Флаг каталога: Каталог, Родительский каталог: objects
2023-10-18 10:36:14,966 - Имя: d6, Флаг каталога: Каталог, Родительский каталог: objects
2023-10-18 10:36:14,966 - Имя: d7, Флаг каталога: Каталог, Родительский каталог: objects
2023-10-18 10:36:14,966 - Имя: d8, Флаг каталога: Каталог, Родительский каталог: objects
2023-10-18 10:36:14,966 - Имя: da, Флаг каталога: Каталог, Родительский каталог: objects
2023-10-18 10:36:14,966 - Имя: db, Флаг каталога: Каталог, Родительский каталог: objects
2023-10-18 10:36:14,966 - Имя: dd, Флаг каталога: Каталог, Родительский каталог: objects
2023-10-18 10:36:14,966 - Имя: de, Флаг каталога: Каталог, Родительский каталог: objects
2023-10-18 10:36:14,966 - Имя: df, Флаг каталога: Каталог, Родительский каталог: objects
2023-10-18 10:36:14,966 - Имя: e4, Флаг каталога: Каталог, Родительский каталог: objects
2023-10-18 10:36:14,966 - Имя: e5, Флаг каталога: Каталог, Родительский каталог: objects
2023-10-18 10:36:14,966 - Имя: e6, Флаг каталога: Каталог, Родительский каталог: objects
2023-10-18 10:36:14,966 - Имя: e7, Флаг каталога: Каталог, Родительский каталог: objects
2023-10-18 10:36:14,966 - Имя: e9, Флаг каталога: Каталог, Родительский каталог: objects
2023-10-18 10:36:14,966 - Имя: ed, Флаг каталога: Каталог, Родительский каталог: objects
2023-10-18 10:36:14,966 - Имя: ee, Флаг каталога: Каталог, Родительский каталог: objects
2023-10-18 10:36:14,966 - Имя: f0, Флаг каталога: Каталог, Родительский каталог: objects
2023-10-18 10:36:14,966 - Имя: f2, Флаг каталога: Каталог, Родительский каталог: objects
2023-10-18 10:36:14,966 - Имя: f3, Флаг каталога: Каталог, Родительский каталог: objects
2023-10-18 10:36:14,966 - Имя: f6, Флаг каталога: Каталог, Родительский каталог: objects
2023-10-18 10:36:14,966 - Имя: f7, Флаг каталога: Каталог, Родительский каталог: objects
2023-10-18 10:36:14,966 - Имя: f8, Флаг каталога: Каталог, Родительский каталог: objects
2023-10-18 10:36:14,966 - Имя: f9, Флаг каталога: Каталог, Родительский каталог: objects
2023-10-18 10:36:14,966 - Имя: fa, Флаг каталога: Каталог, Родительский каталог: objects
2023-10-18 10:36:14,966 - Имя: fc, Флаг каталога: Каталог, Родительский каталог: objects
2023-10-18 10:36:14,966 - Имя: ff, Флаг каталога: Каталог, Родительский каталог: objects
2023-10-18 10:36:14,966 - Имя: info, Флаг каталога: Каталог, Родительский каталог: objects
2023-10-18 10:36:14,966 - Имя: pack, Флаг каталога: Каталог, Родительский каталог: objects
2023-10-18 10:36:15,003 - Имя: heads, Флаг каталога: Каталог, Родительский каталог: refs
2023-10-18 10:36:15,003 - Имя: remotes, Флаг каталога: Каталог, Родительский каталог: refs
2023-10-18 10:36:15,003 - Имя: tags, Флаг каталога: Каталог, Родительский каталог: refs
2023-10-18 10:36:15,003 - Имя: origin, Флаг каталога: Каталог, Родительский каталог: remotes
2023-10-18 10:36:15,004 - Имя: v, Флаг каталога: Каталог, Родительский каталог: .pytest_cache
2023-10-18 10:36:15,005 - Имя: , Расширение: , Флаг каталога: Файл, Родительский каталог: .pytest_cache
2023-10-18 10:36:15,005 - Имя: CACHEDIR, Расширение: .TAG, Флаг каталога: Файл, Родительский каталог: .pytest_cache
2023-10-18 10:36:15,005 - Имя: README, Расширение: .md, Флаг каталога: Файл, Родительский каталог: .pytest_cache
2023-10-18 10:36:15,006 - Имя: cache, Флаг каталога: Каталог, Родительский каталог: v
2023-10-18 10:36:15,006 - Имя: settings, Расширение: .json, Флаг каталога: Файл, Родительский каталог: .vscode
2023-10-18 10:36:15,006 - Имя: main, Расширение: .py, Флаг каталога: Файл, Родительский каталог: Bankomat
2023-10-18 10:36:15,007 - Имя: classwork, Флаг каталога: Каталог, Родительский каталог: Eighth_sem
2023-10-18 10:36:15,007 - Имя: HW, Флаг каталога: Каталог, Родительский каталог: Eighth_sem
2023-10-18 10:36:15,007 - Имя: get_user, Расширение: .py, Флаг каталога: Файл, Родительский каталог: classwork
2023-10-18 10:36:15,007 - Имя: habuba, Расширение: .txt, Флаг каталога: Файл, Родительский каталог: classwork
2023-10-18 10:36:15,008 - Имя: p1, Расширение: .json, Флаг каталога: Файл, Родительский каталог: classwork
2023-10-18 10:36:15,008 - Имя: p2, Расширение: .json, Флаг каталога: Файл, Родительский каталог: classwork
2023-10-18 10:36:15,008 - Имя: parse, Расширение: .py, Флаг каталога: Файл, Родительский каталог: classwork
2023-10-18 10:36:15,008 - Имя: file, Расширение: .csv, Флаг каталога: Файл, Родительский каталог: HW
2023-10-18 10:36:15,008 - Имя: file, Расширение: .json, Флаг каталога: Файл, Родительский каталог: HW
2023-10-18 10:36:15,008 - Имя: file, Расширение: .pickle, Флаг каталога: Файл, Родительский каталог: HW
2023-10-18 10:36:15,009 - Имя: Recursive_pickle(Rick), Расширение: .py, Флаг каталога: Файл, Родительский каталог: HW
2023-10-18 10:36:15,009 - Имя: class, Флаг каталога: Каталог, Родительский каталог: Eleventh_sem
2023-10-18 10:36:15,009 - Имя: f_1, Расширение: .py, Флаг каталога: Файл, Родительский каталог: class
2023-10-18 10:36:15,010 - Имя: dict_gen, Расширение: .py, Флаг каталога: Файл, Родительский каталог: Fifth_sem
2023-10-18 10:36:15,010 - Имя: fibonacci_gen, Расширение: .py, Флаг каталога: Файл, Родительский каталог: Fifth_sem
2023-10-18 10:36:15,010 - Имя: path_to_file, Расширение: .py, Флаг каталога: Файл, Родительский каталог: Fifth_sem
2023-10-18 10:36:15,010 - Имя: prime_nums, Расширение: .py, Флаг каталога: Файл, Родительский каталог: Fifth_sem
2023-10-18 10:36:15,010 - Имя: file_info, Расширение: .log, Флаг каталога: Файл, Родительский каталог: FinalWork
2023-10-18 10:36:15,010 - Имя: NamTuplLogging, Расширение: .py, Флаг каталога: Файл, Родительский каталог: FinalWork
2023-10-18 10:36:15,011 - Имя: 1. Multiplication, Флаг каталога: Каталог, Родительский каталог: First_Sem
2023-10-18 10:36:15,011 - Имя: 2. Check_the_triangle, Флаг каталога: Каталог, Родительский каталог: First_Sem
2023-10-18 10:36:15,011 - Имя: 3. Check_num, Флаг каталога: Каталог, Родительский каталог: First_Sem
2023-10-18 10:36:15,011 - Имя: 4. Game_guess_number, Флаг каталога: Каталог, Родительский каталог: First_Sem
2023-10-18 10:36:15,011 - Имя: multitable, Расширение: .py, Флаг каталога: Файл, Родительский каталог: 1. Multiplication
2023-10-18 10:36:15,012 - Имя: triangle, Расширение: .py, Флаг каталога: Файл, Родительский каталог: 2. Check_the_triangle
2023-10-18 10:36:15,012 - Имя: simple_num, Расширение: .py, Флаг каталога: Файл, Родительский каталог: 3. Check_num
2023-10-18 10:36:15,012 - Имя: guess_my_num, Расширение: .py, Флаг каталога: Файл, Родительский каталог: 4. Game_guess_number
2023-10-18 10:36:15,013 - Имя: .pytest_cache, Флаг каталога: Каталог, Родительский каталог: Forteenth_sem
2023-10-18 10:36:15,013 - Имя: __pycache__, Флаг каталога: Каталог, Родительский каталог: Forteenth_sem
2023-10-18 10:36:15,013 - Имя: main, Расширение: .py, Флаг каталога: Файл, Родительский каталог: Forteenth_sem
2023-10-18 10:36:15,013 - Имя: test, Расширение: .py, Флаг каталога: Файл, Родительский каталог: Forteenth_sem
2023-10-18 10:36:15,013 - Имя: v, Флаг каталога: Каталог, Родительский каталог: .pytest_cache
2023-10-18 10:36:15,014 - Имя: , Расширение: , Флаг каталога: Файл, Родительский каталог: .pytest_cache
2023-10-18 10:36:15,014 - Имя: CACHEDIR, Расширение: .TAG, Флаг каталога: Файл, Родительский каталог: .pytest_cache
2023-10-18 10:36:15,014 - Имя: README, Расширение: .md, Флаг каталога: Файл, Родительский каталог: .pytest_cache
2023-10-18 10:36:15,014 - Имя: cache, Флаг каталога: Каталог, Родительский каталог: v
2023-10-18 10:36:15,015 - Имя: main, Расширение: .pyc, Флаг каталога: Файл, Родительский каталог: __pycache__
2023-10-18 10:36:15,015 - Имя: main, Расширение: .pyc, Флаг каталога: Файл, Родительский каталог: __pycache__
2023-10-18 10:36:15,015 - Имя: test, Расширение: .pyc, Флаг каталога: Файл, Родительский каталог: __pycache__
2023-10-18 10:36:15,015 - Имя: Dict, Расширение: .py, Флаг каталога: Файл, Родительский каталог: Fourth_sem
2023-10-18 10:36:15,015 - Имя: Trans_matrix, Расширение: .py, Флаг каталога: Файл, Родительский каталог: Fourth_sem
2023-10-18 10:36:15,016 - Имя: class, Флаг каталога: Каталог, Родительский каталог: Nineth_sem
2023-10-18 10:36:15,016 - Имя: HW, Флаг каталога: Каталог, Родительский каталог: Nineth_sem
2023-10-18 10:36:15,016 - Имя: __pycache__, Флаг каталога: Каталог, Родительский каталог: class
2023-10-18 10:36:15,016 - Имя: sem_1, Расширение: .py, Флаг каталога: Файл, Родительский каталог: class
2023-10-18 10:36:15,016 - Имя: sem_2, Расширение: .py, Флаг каталога: Файл, Родительский каталог: class
2023-10-18 10:36:15,017 - Имя: sem_3, Расширение: .py, Флаг каталога: Файл, Родительский каталог: class
2023-10-18 10:36:15,017 - Имя: sem_4, Расширение: .py, Флаг каталога: Файл, Родительский каталог: class
2023-10-18 10:36:15,017 - Имя: sem_5, Расширение: .py, Флаг каталога: Файл, Родительский каталог: class
2023-10-18 10:36:15,017 - Имя: sem_2, Расширение: .pyc, Флаг каталога: Файл, Родительский каталог: __pycache__
2023-10-18 10:36:15,017 - Имя: sem_3, Расширение: .pyc, Флаг каталога: Файл, Родительский каталог: __pycache__
2023-10-18 10:36:15,017 - Имя: sem_4, Расширение: .pyc, Флаг каталога: Файл, Родительский каталог: __pycache__
2023-10-18 10:36:15,018 - Имя: csv_gen, Расширение: .py, Флаг каталога: Файл, Родительский каталог: HW
2023-10-18 10:36:15,018 - Имя: q_equation, Расширение: .py, Флаг каталога: Файл, Родительский каталог: HW
2023-10-18 10:36:15,018 - Имя: 1. Hex, Флаг каталога: Каталог, Родительский каталог: Second_sem
2023-10-18 10:36:15,018 - Имя: 2. Fractions, Флаг каталога: Каталог, Родительский каталог: Second_sem
2023-10-18 10:36:15,019 - Имя: MakeHex, Расширение: .py, Флаг каталога: Файл, Родительский каталог: 1. Hex
2023-10-18 10:36:15,019 - Имя: ReturnFraction, Расширение: .py, Флаг каталога: Файл, Родительский каталог: 2. Fractions
2023-10-18 10:36:15,019 - Имя: files, Флаг каталога: Каталог, Родительский каталог: Seventh_sem
2023-10-18 10:36:15,019 - Имя: __pycache__, Флаг каталога: Каталог, Родительский каталог: Seventh_sem
2023-10-18 10:36:15,020 - Имя: funcs, Расширение: .py, Флаг каталога: Файл, Родительский каталог: Seventh_sem
2023-10-18 10:36:15,020 - Имя: main, Расширение: .py, Флаг каталога: Файл, Родительский каталог: Seventh_sem
2023-10-18 10:36:15,020 - Имя: script, Флаг каталога: Каталог, Родительский каталог: files
2023-10-18 10:36:15,020 - Имя: text, Флаг каталога: Каталог, Родительский каталог: files
2023-10-18 10:36:15,020 - Имя: video, Флаг каталога: Каталог, Родительский каталог: files
2023-10-18 10:36:15,021 - Имя: Cimeq, Расширение: .py, Флаг каталога: Файл, Родительский каталог: script
2023-10-18 10:36:15,021 - Имя: Jocoq, Расширение: .py, Флаг каталога: Файл, Родительский каталог: script
2023-10-18 10:36:15,022 - Имя: Mivizag, Расширение: .py, Флаг каталога: Файл, Родительский каталог: script
2023-10-18 10:36:15,022 - Имя: Lecerov, Расширение: .txt, Флаг каталога: Файл, Родительский каталог: text
2023-10-18 10:36:15,022 - Имя: Qufo, Расширение: .txt, Флаг каталога: Файл, Родительский каталог: text
2023-10-18 10:36:15,022 - Имя: ujeTutuje_2, Расширение: .txt, Флаг каталога: Файл, Родительский каталог: text
2023-10-18 10:36:15,022 - Имя: uTubuzu_1, Расширение: .txt, Флаг каталога: Файл, Родительский каталог: text
2023-10-18 10:36:15,022 - Имя: Wumifid, Расширение: .txt, Флаг каталога: Файл, Родительский каталог: text
2023-10-18 10:36:15,022 - Имя: Dogu, Расширение: .mp4, Флаг каталога: Файл, Родительский каталог: video
2023-10-18 10:36:15,022 - Имя: Rugov, Расширение: .mp4, Флаг каталога: Файл, Родительский каталог: video
2023-10-18 10:36:15,022 - Имя: Yamofa, Расширение: .mp4, Флаг каталога: Файл, Родительский каталог: video
2023-10-18 10:36:15,022 - Имя: funcs, Расширение: .pyc, Флаг каталога: Файл, Родительский каталог: __pycache__
2023-10-18 10:36:15,022 - Имя: __pycache__, Флаг каталога: Каталог, Родительский каталог: Sixth_sem
2023-10-18 10:36:15,022 - Имя: data_check, Расширение: .py, Флаг каталога: Файл, Родительский каталог: Sixth_sem
2023-10-18 10:36:15,022 - Имя: main, Расширение: .py, Флаг каталога: Файл, Родительский каталог: Sixth_sem
2023-10-18 10:36:15,022 - Имя: data_check, Расширение: .pyc, Флаг каталога: Файл, Родительский каталог: __pycache__
2023-10-18 10:36:15,022 - Имя: class, Флаг каталога: Каталог, Родительский каталог: Tenth_sem
2023-10-18 10:36:15,022 - Имя: HW, Флаг каталога: Каталог, Родительский каталог: Tenth_sem
2023-10-18 10:36:15,022 - Имя: __pycache__, Флаг каталога: Каталог, Родительский каталог: class
2023-10-18 10:36:15,022 - Имя: task1, Расширение: .py, Флаг каталога: Файл, Родительский каталог: class
2023-10-18 10:36:15,022 - Имя: task2, Расширение: .py, Флаг каталога: Файл, Родительский каталог: class
2023-10-18 10:36:15,022 - Имя: task3, Расширение: .py, Флаг каталога: Файл, Родительский каталог: class
2023-10-18 10:36:15,022 - Имя: task4, Расширение: .py, Флаг каталога: Файл, Родительский каталог: class
2023-10-18 10:36:15,022 - Имя: task5, Расширение: .py, Флаг каталога: Файл, Родительский каталог: class
2023-10-18 10:36:15,022 - Имя: task3, Расширение: .pyc, Флаг каталога: Файл, Родительский каталог: __pycache__
2023-10-18 10:36:15,022 - Имя: __pycache__, Флаг каталога: Каталог, Родительский каталог: HW
2023-10-18 10:36:15,022 - Имя: Animal, Расширение: .py, Флаг каталога: Файл, Родительский каталог: HW
2023-10-18 10:36:15,022 - Имя: Bank, Расширение: .py, Флаг каталога: Файл, Родительский каталог: HW
2023-10-18 10:36:15,022 - Имя: HW, Расширение: .py, Флаг каталога: Файл, Родительский каталог: HW
2023-10-18 10:36:15,022 - Имя: Animal, Расширение: .pyc, Флаг каталога: Файл, Родительский каталог: __pycache__
2023-10-18 10:36:15,022 - Имя: Animal_type, Расширение: .pyc, Флаг каталога: Файл, Родительский каталог: __pycache__
2023-10-18 10:36:15,022 - Имя: Dog, Расширение: .pyc, Флаг каталога: Файл, Родительский каталог: __pycache__
2023-10-18 10:36:15,022 - Имя: 1. Camping_with_friends, Флаг каталога: Каталог, Родительский каталог: Third_sem
2023-10-18 10:36:15,022 - Имя: 2. Dupes, Флаг каталога: Каталог, Родительский каталог: Third_sem
2023-10-18 10:36:15,022 - Имя: 3. Top10, Флаг каталога: Каталог, Родительский каталог: Third_sem
2023-10-18 10:36:15,022 - Имя: 4. Racks, Флаг каталога: Каталог, Родительский каталог: Third_sem
2023-10-18 10:36:15,022 - Имя: Camping, Расширение: .py, Флаг каталога: Файл, Родительский каталог: 1. Camping_with_friends
2023-10-18 10:36:15,022 - Имя: list_with_duplicates, Расширение: .py, Флаг каталога: Файл, Родительский каталог: 2. Dupes
2023-10-18 10:36:15,022 - Имя: file, Расширение: .txt, Флаг каталога: Файл, Родительский каталог: 3. Top10
2023-10-18 10:36:15,022 - Имя: ten_words, Расширение: .py, Флаг каталога: Файл, Родительский каталог: 3. Top10
2023-10-18 10:36:15,022 - Имя: heavy_racks, Расширение: .py, Флаг каталога: Файл, Родительский каталог: 4. Racks
